{"F:\\Relevel\\Module_4_CRM_Application\\Week_37\\Day_3_Apr_08\\crm-app\\src\\controllers\\ticket.controller.js": {"path":"F:\\Relevel\\Module_4_CRM_Application\\Week_37\\Day_3_Apr_08\\crm-app\\src\\controllers\\ticket.controller.js","statementMap":{"0":{"start":{"line":1,"column":13},"end":{"line":1,"column":46}},"1":{"start":{"line":2,"column":15},"end":{"line":2,"column":50}},"2":{"start":{"line":3,"column":34},"end":{"line":3,"column":65}},"3":{"start":{"line":4,"column":24},"end":{"line":4,"column":61}},"4":{"start":{"line":5,"column":22},"end":{"line":5,"column":62}},"5":{"start":{"line":11,"column":0},"end":{"line":60,"column":2}},"6":{"start":{"line":12,"column":25},"end":{"line":20,"column":5}},"7":{"start":{"line":22,"column":21},"end":{"line":25,"column":6}},"8":{"start":{"line":27,"column":4},"end":{"line":27,"column":44}},"9":{"start":{"line":29,"column":4},"end":{"line":59,"column":5}},"10":{"start":{"line":30,"column":23},"end":{"line":30,"column":56}},"11":{"start":{"line":32,"column":8},"end":{"line":51,"column":9}},"12":{"start":{"line":33,"column":25},"end":{"line":35,"column":14}},"13":{"start":{"line":37,"column":12},"end":{"line":37,"column":49}},"14":{"start":{"line":38,"column":12},"end":{"line":38,"column":54}},"15":{"start":{"line":40,"column":12},"end":{"line":40,"column":30}},"16":{"start":{"line":41,"column":12},"end":{"line":41,"column":34}},"17":{"start":{"line":46,"column":12},"end":{"line":46,"column":147}},"18":{"start":{"line":48,"column":12},"end":{"line":50,"column":15}},"19":{"start":{"line":53,"column":8},"end":{"line":53,"column":51}},"20":{"start":{"line":54,"column":8},"end":{"line":58,"column":11}},"21":{"start":{"line":65,"column":0},"end":{"line":128,"column":2}},"22":{"start":{"line":68,"column":4},"end":{"line":83,"column":5}},"23":{"start":{"line":69,"column":8},"end":{"line":71,"column":11}},"24":{"start":{"line":73,"column":8},"end":{"line":77,"column":9}},"25":{"start":{"line":74,"column":12},"end":{"line":76,"column":15}},"26":{"start":{"line":79,"column":8},"end":{"line":79,"column":67}},"27":{"start":{"line":80,"column":8},"end":{"line":82,"column":11}},"28":{"start":{"line":85,"column":17},"end":{"line":87,"column":6}},"29":{"start":{"line":89,"column":4},"end":{"line":127,"column":5}},"30":{"start":{"line":95,"column":12},"end":{"line":95,"column":74}},"31":{"start":{"line":96,"column":12},"end":{"line":98,"column":33}},"32":{"start":{"line":99,"column":12},"end":{"line":101,"column":36}},"33":{"start":{"line":102,"column":12},"end":{"line":102,"column":78}},"34":{"start":{"line":105,"column":12},"end":{"line":106,"column":86}},"35":{"start":{"line":106,"column":12},"end":{"line":106,"column":86}},"36":{"start":{"line":108,"column":32},"end":{"line":108,"column":51}},"37":{"start":{"line":110,"column":29},"end":{"line":112,"column":14}},"38":{"start":{"line":114,"column":29},"end":{"line":116,"column":14}},"39":{"start":{"line":118,"column":12},"end":{"line":118,"column":170}},"40":{"start":{"line":120,"column":12},"end":{"line":120,"column":82}},"41":{"start":{"line":122,"column":8},"end":{"line":122,"column":68}},"42":{"start":{"line":123,"column":8},"end":{"line":126,"column":11}},"43":{"start":{"line":130,"column":0},"end":{"line":157,"column":2}},"44":{"start":{"line":138,"column":21},"end":{"line":138,"column":23}},"45":{"start":{"line":140,"column":4},"end":{"line":142,"column":5}},"46":{"start":{"line":141,"column":8},"end":{"line":141,"column":43}},"47":{"start":{"line":144,"column":22},"end":{"line":146,"column":6}},"48":{"start":{"line":148,"column":4},"end":{"line":152,"column":5}},"49":{"start":{"line":149,"column":8},"end":{"line":149,"column":39}},"50":{"start":{"line":150,"column":11},"end":{"line":152,"column":5}},"51":{"start":{"line":151,"column":8},"end":{"line":151,"column":39}},"52":{"start":{"line":154,"column":20},"end":{"line":154,"column":47}},"53":{"start":{"line":156,"column":4},"end":{"line":156,"column":66}},"54":{"start":{"line":159,"column":0},"end":{"line":165,"column":2}},"55":{"start":{"line":160,"column":19},"end":{"line":162,"column":6}},"56":{"start":{"line":164,"column":4},"end":{"line":164,"column":67}}},"fnMap":{"0":{"name":"(anonymous_0)","decl":{"start":{"line":11,"column":23},"end":{"line":11,"column":24}},"loc":{"start":{"line":11,"column":43},"end":{"line":60,"column":1}},"line":11},"1":{"name":"(anonymous_1)","decl":{"start":{"line":65,"column":23},"end":{"line":65,"column":24}},"loc":{"start":{"line":65,"column":43},"end":{"line":128,"column":1}},"line":65},"2":{"name":"(anonymous_2)","decl":{"start":{"line":130,"column":24},"end":{"line":130,"column":25}},"loc":{"start":{"line":130,"column":44},"end":{"line":157,"column":1}},"line":130},"3":{"name":"(anonymous_3)","decl":{"start":{"line":159,"column":21},"end":{"line":159,"column":22}},"loc":{"start":{"line":159,"column":41},"end":{"line":165,"column":1}},"line":159}},"branchMap":{"0":{"loc":{"start":{"line":32,"column":8},"end":{"line":51,"column":9}},"type":"if","locations":[{"start":{"line":32,"column":8},"end":{"line":51,"column":9}},{"start":{},"end":{}}],"line":32},"1":{"loc":{"start":{"line":73,"column":8},"end":{"line":77,"column":9}},"type":"if","locations":[{"start":{"line":73,"column":8},"end":{"line":77,"column":9}},{"start":{},"end":{}}],"line":73},"2":{"loc":{"start":{"line":89,"column":4},"end":{"line":127,"column":5}},"type":"if","locations":[{"start":{"line":89,"column":4},"end":{"line":127,"column":5}},{"start":{"line":121,"column":11},"end":{"line":127,"column":5}}],"line":89},"3":{"loc":{"start":{"line":90,"column":8},"end":{"line":92,"column":40}},"type":"binary-expr","locations":[{"start":{"line":90,"column":8},"end":{"line":90,"column":37}},{"start":{"line":91,"column":8},"end":{"line":91,"column":37}},{"start":{"line":92,"column":8},"end":{"line":92,"column":40}}],"line":90},"4":{"loc":{"start":{"line":95,"column":27},"end":{"line":95,"column":73}},"type":"cond-expr","locations":[{"start":{"line":95,"column":44},"end":{"line":95,"column":58}},{"start":{"line":95,"column":61},"end":{"line":95,"column":73}}],"line":95},"5":{"loc":{"start":{"line":96,"column":33},"end":{"line":98,"column":32}},"type":"cond-expr","locations":[{"start":{"line":97,"column":14},"end":{"line":97,"column":34}},{"start":{"line":98,"column":14},"end":{"line":98,"column":32}}],"line":96},"6":{"loc":{"start":{"line":99,"column":36},"end":{"line":101,"column":35}},"type":"cond-expr","locations":[{"start":{"line":100,"column":14},"end":{"line":100,"column":37}},{"start":{"line":101,"column":14},"end":{"line":101,"column":35}}],"line":99},"7":{"loc":{"start":{"line":102,"column":28},"end":{"line":102,"column":77}},"type":"cond-expr","locations":[{"start":{"line":102,"column":46},"end":{"line":102,"column":61}},{"start":{"line":102,"column":64},"end":{"line":102,"column":77}}],"line":102},"8":{"loc":{"start":{"line":105,"column":12},"end":{"line":106,"column":86}},"type":"if","locations":[{"start":{"line":105,"column":12},"end":{"line":106,"column":86}},{"start":{},"end":{}}],"line":105},"9":{"loc":{"start":{"line":105,"column":16},"end":{"line":105,"column":110}},"type":"binary-expr","locations":[{"start":{"line":105,"column":16},"end":{"line":105,"column":33}},{"start":{"line":105,"column":38},"end":{"line":105,"column":73}},{"start":{"line":105,"column":77},"end":{"line":105,"column":109}}],"line":105},"10":{"loc":{"start":{"line":106,"column":30},"end":{"line":106,"column":85}},"type":"cond-expr","locations":[{"start":{"line":106,"column":50},"end":{"line":106,"column":67}},{"start":{"line":106,"column":70},"end":{"line":106,"column":85}}],"line":106},"11":{"loc":{"start":{"line":140,"column":4},"end":{"line":142,"column":5}},"type":"if","locations":[{"start":{"line":140,"column":4},"end":{"line":142,"column":5}},{"start":{},"end":{}}],"line":140},"12":{"loc":{"start":{"line":148,"column":4},"end":{"line":152,"column":5}},"type":"if","locations":[{"start":{"line":148,"column":4},"end":{"line":152,"column":5}},{"start":{"line":150,"column":11},"end":{"line":152,"column":5}}],"line":148},"13":{"loc":{"start":{"line":150,"column":11},"end":{"line":152,"column":5}},"type":"if","locations":[{"start":{"line":150,"column":11},"end":{"line":152,"column":5}},{"start":{},"end":{}}],"line":150}},"s":{"0":1,"1":1,"2":1,"3":1,"4":1,"5":1,"6":2,"7":2,"8":2,"9":2,"10":2,"11":1,"12":1,"13":1,"14":1,"15":1,"16":1,"17":1,"18":1,"19":1,"20":1,"21":1,"22":0,"23":0,"24":0,"25":0,"26":0,"27":0,"28":0,"29":0,"30":0,"31":0,"32":0,"33":0,"34":0,"35":0,"36":0,"37":0,"38":0,"39":0,"40":0,"41":0,"42":0,"43":1,"44":0,"45":0,"46":0,"47":0,"48":0,"49":0,"50":0,"51":0,"52":0,"53":0,"54":1,"55":0,"56":0},"f":{"0":2,"1":0,"2":0,"3":0},"b":{"0":[1,0],"1":[0,0],"2":[0,0],"3":[0,0,0],"4":[0,0],"5":[0,0],"6":[0,0],"7":[0,0],"8":[0,0],"9":[0,0,0],"10":[0,0],"11":[0,0],"12":[0,0],"13":[0,0]},"_coverageSchema":"1a1c01bbd47fc00a2c39e90264f33305004495a9","hash":"33031d6af0fc85146577a7aef59b1194868e3029"}
,"F:\\Relevel\\Module_4_CRM_Application\\Week_37\\Day_3_Apr_08\\crm-app\\src\\controllers\\user.controller.js": {"path":"F:\\Relevel\\Module_4_CRM_Application\\Week_37\\Day_3_Apr_08\\crm-app\\src\\controllers\\user.controller.js","statementMap":{"0":{"start":{"line":1,"column":23},"end":{"line":1,"column":52}},"1":{"start":{"line":2,"column":13},"end":{"line":2,"column":46}},"2":{"start":{"line":3,"column":24},"end":{"line":3,"column":61}},"3":{"start":{"line":5,"column":0},"end":{"line":69,"column":2}},"4":{"start":{"line":6,"column":24},"end":{"line":6,"column":42}},"5":{"start":{"line":7,"column":26},"end":{"line":7,"column":46}},"6":{"start":{"line":8,"column":24},"end":{"line":8,"column":38}},"7":{"start":{"line":12,"column":4},"end":{"line":66,"column":5}},"8":{"start":{"line":13,"column":8},"end":{"line":22,"column":9}},"9":{"start":{"line":14,"column":12},"end":{"line":16,"column":15}},"10":{"start":{"line":18,"column":12},"end":{"line":18,"column":80}},"11":{"start":{"line":19,"column":12},"end":{"line":21,"column":15}},"12":{"start":{"line":23,"column":11},"end":{"line":66,"column":5}},"13":{"start":{"line":24,"column":8},"end":{"line":34,"column":9}},"14":{"start":{"line":25,"column":12},"end":{"line":28,"column":15}},"15":{"start":{"line":30,"column":12},"end":{"line":30,"column":117}},"16":{"start":{"line":31,"column":12},"end":{"line":33,"column":15}},"17":{"start":{"line":35,"column":11},"end":{"line":66,"column":5}},"18":{"start":{"line":36,"column":8},"end":{"line":45,"column":9}},"19":{"start":{"line":37,"column":12},"end":{"line":39,"column":15}},"20":{"start":{"line":41,"column":12},"end":{"line":41,"column":84}},"21":{"start":{"line":42,"column":12},"end":{"line":44,"column":15}},"22":{"start":{"line":46,"column":11},"end":{"line":66,"column":5}},"23":{"start":{"line":47,"column":8},"end":{"line":56,"column":9}},"24":{"start":{"line":48,"column":12},"end":{"line":50,"column":15}},"25":{"start":{"line":52,"column":12},"end":{"line":52,"column":88}},"26":{"start":{"line":53,"column":12},"end":{"line":55,"column":15}},"27":{"start":{"line":58,"column":8},"end":{"line":65,"column":9}},"28":{"start":{"line":59,"column":12},"end":{"line":59,"column":38}},"29":{"start":{"line":61,"column":12},"end":{"line":61,"column":54}},"30":{"start":{"line":62,"column":12},"end":{"line":64,"column":15}},"31":{"start":{"line":68,"column":4},"end":{"line":68,"column":69}},"32":{"start":{"line":71,"column":0},"end":{"line":86,"column":2}},"33":{"start":{"line":72,"column":20},"end":{"line":72,"column":37}},"34":{"start":{"line":74,"column":17},"end":{"line":76,"column":6}},"35":{"start":{"line":79,"column":4},"end":{"line":85,"column":5}},"36":{"start":{"line":80,"column":8},"end":{"line":80,"column":72}},"37":{"start":{"line":82,"column":8},"end":{"line":84,"column":11}},"38":{"start":{"line":88,"column":0},"end":{"line":113,"column":2}},"39":{"start":{"line":89,"column":20},"end":{"line":89,"column":37}},"40":{"start":{"line":91,"column":27},"end":{"line":91,"column":29}},"41":{"start":{"line":92,"column":4},"end":{"line":92,"column":65}},"42":{"start":{"line":93,"column":4},"end":{"line":93,"column":83}},"43":{"start":{"line":94,"column":4},"end":{"line":94,"column":77}},"44":{"start":{"line":96,"column":4},"end":{"line":112,"column":5}},"45":{"start":{"line":97,"column":21},"end":{"line":101,"column":17}},"46":{"start":{"line":103,"column":8},"end":{"line":106,"column":11}},"47":{"start":{"line":108,"column":8},"end":{"line":108,"column":62}},"48":{"start":{"line":109,"column":8},"end":{"line":111,"column":11}}},"fnMap":{"0":{"name":"(anonymous_0)","decl":{"start":{"line":5,"column":18},"end":{"line":5,"column":19}},"loc":{"start":{"line":5,"column":38},"end":{"line":69,"column":1}},"line":5},"1":{"name":"(anonymous_1)","decl":{"start":{"line":71,"column":19},"end":{"line":71,"column":20}},"loc":{"start":{"line":71,"column":39},"end":{"line":86,"column":1}},"line":71},"2":{"name":"(anonymous_2)","decl":{"start":{"line":88,"column":17},"end":{"line":88,"column":18}},"loc":{"start":{"line":88,"column":37},"end":{"line":113,"column":1}},"line":88}},"branchMap":{"0":{"loc":{"start":{"line":12,"column":4},"end":{"line":66,"column":5}},"type":"if","locations":[{"start":{"line":12,"column":4},"end":{"line":66,"column":5}},{"start":{"line":23,"column":11},"end":{"line":66,"column":5}}],"line":12},"1":{"loc":{"start":{"line":23,"column":11},"end":{"line":66,"column":5}},"type":"if","locations":[{"start":{"line":23,"column":11},"end":{"line":66,"column":5}},{"start":{"line":35,"column":11},"end":{"line":66,"column":5}}],"line":23},"2":{"loc":{"start":{"line":23,"column":15},"end":{"line":23,"column":43}},"type":"binary-expr","locations":[{"start":{"line":23,"column":15},"end":{"line":23,"column":26}},{"start":{"line":23,"column":30},"end":{"line":23,"column":43}}],"line":23},"3":{"loc":{"start":{"line":35,"column":11},"end":{"line":66,"column":5}},"type":"if","locations":[{"start":{"line":35,"column":11},"end":{"line":66,"column":5}},{"start":{"line":46,"column":11},"end":{"line":66,"column":5}}],"line":35},"4":{"loc":{"start":{"line":46,"column":11},"end":{"line":66,"column":5}},"type":"if","locations":[{"start":{"line":46,"column":11},"end":{"line":66,"column":5}},{"start":{"line":57,"column":11},"end":{"line":66,"column":5}}],"line":46},"5":{"loc":{"start":{"line":79,"column":4},"end":{"line":85,"column":5}},"type":"if","locations":[{"start":{"line":79,"column":4},"end":{"line":85,"column":5}},{"start":{"line":81,"column":11},"end":{"line":85,"column":5}}],"line":79},"6":{"loc":{"start":{"line":92,"column":4},"end":{"line":92,"column":64}},"type":"cond-expr","locations":[{"start":{"line":92,"column":20},"end":{"line":92,"column":60}},{"start":{"line":92,"column":62},"end":{"line":92,"column":64}}],"line":92},"7":{"loc":{"start":{"line":93,"column":4},"end":{"line":93,"column":82}},"type":"cond-expr","locations":[{"start":{"line":93,"column":26},"end":{"line":93,"column":78}},{"start":{"line":93,"column":80},"end":{"line":93,"column":82}}],"line":93},"8":{"loc":{"start":{"line":94,"column":4},"end":{"line":94,"column":76}},"type":"cond-expr","locations":[{"start":{"line":94,"column":24},"end":{"line":94,"column":72}},{"start":{"line":94,"column":74},"end":{"line":94,"column":76}}],"line":94}},"s":{"0":1,"1":1,"2":1,"3":1,"4":2,"5":2,"6":2,"7":2,"8":0,"9":0,"10":0,"11":0,"12":2,"13":0,"14":0,"15":0,"16":0,"17":2,"18":0,"19":0,"20":0,"21":0,"22":2,"23":0,"24":0,"25":0,"26":0,"27":2,"28":2,"29":1,"30":1,"31":1,"32":1,"33":2,"34":2,"35":0,"36":0,"37":0,"38":1,"39":2,"40":2,"41":2,"42":2,"43":2,"44":2,"45":2,"46":1,"47":1,"48":1},"f":{"0":2,"1":2,"2":2},"b":{"0":[0,2],"1":[0,2],"2":[2,0],"3":[0,2],"4":[0,2],"5":[0,0],"6":[2,0],"7":[1,1],"8":[1,1]},"_coverageSchema":"1a1c01bbd47fc00a2c39e90264f33305004495a9","hash":"ca6ca75eff95b14e13bf08ff106f9947210c78ba"}
,"F:\\Relevel\\Module_4_CRM_Application\\Week_37\\Day_3_Apr_08\\crm-app\\src\\models\\ticket.model.js": {"path":"F:\\Relevel\\Module_4_CRM_Application\\Week_37\\Day_3_Apr_08\\crm-app\\src\\models\\ticket.model.js","statementMap":{"0":{"start":{"line":1,"column":17},"end":{"line":1,"column":36}},"1":{"start":{"line":3,"column":21},"end":{"line":41,"column":2}},"2":{"start":{"line":32,"column":12},"end":{"line":32,"column":30}},"3":{"start":{"line":38,"column":12},"end":{"line":38,"column":30}},"4":{"start":{"line":43,"column":0},"end":{"line":43,"column":56}}},"fnMap":{"0":{"name":"(anonymous_0)","decl":{"start":{"line":31,"column":17},"end":{"line":31,"column":18}},"loc":{"start":{"line":31,"column":23},"end":{"line":33,"column":9}},"line":31},"1":{"name":"(anonymous_1)","decl":{"start":{"line":37,"column":17},"end":{"line":37,"column":18}},"loc":{"start":{"line":37,"column":23},"end":{"line":39,"column":9}},"line":37}},"branchMap":{},"s":{"0":1,"1":1,"2":1,"3":1,"4":1},"f":{"0":1,"1":1},"b":{},"_coverageSchema":"1a1c01bbd47fc00a2c39e90264f33305004495a9","hash":"b13f9fd50a6da1269b897d1eb410dca4678dbc5e"}
,"F:\\Relevel\\Module_4_CRM_Application\\Week_37\\Day_3_Apr_08\\crm-app\\src\\models\\user.model.js": {"path":"F:\\Relevel\\Module_4_CRM_Application\\Week_37\\Day_3_Apr_08\\crm-app\\src\\models\\user.model.js","statementMap":{"0":{"start":{"line":1,"column":17},"end":{"line":1,"column":36}},"1":{"start":{"line":3,"column":19},"end":{"line":55,"column":2}},"2":{"start":{"line":28,"column":12},"end":{"line":28,"column":30}},"3":{"start":{"line":34,"column":12},"end":{"line":34,"column":30}},"4":{"start":{"line":57,"column":0},"end":{"line":57,"column":52}}},"fnMap":{"0":{"name":"(anonymous_0)","decl":{"start":{"line":27,"column":17},"end":{"line":27,"column":18}},"loc":{"start":{"line":27,"column":23},"end":{"line":29,"column":9}},"line":27},"1":{"name":"(anonymous_1)","decl":{"start":{"line":33,"column":17},"end":{"line":33,"column":18}},"loc":{"start":{"line":33,"column":23},"end":{"line":35,"column":9}},"line":33}},"branchMap":{},"s":{"0":2,"1":2,"2":0,"3":0,"4":2},"f":{"0":0,"1":0},"b":{},"_coverageSchema":"1a1c01bbd47fc00a2c39e90264f33305004495a9","hash":"d9f569905f3667773d6b2530df468ef278fa072c"}
,"F:\\Relevel\\Module_4_CRM_Application\\Week_37\\Day_3_Apr_08\\crm-app\\src\\tests\\db.js": {"path":"F:\\Relevel\\Module_4_CRM_Application\\Week_37\\Day_3_Apr_08\\crm-app\\src\\tests\\db.js","statementMap":{"0":{"start":{"line":1,"column":17},"end":{"line":1,"column":36}},"1":{"start":{"line":2,"column":30},"end":{"line":2,"column":62}},"2":{"start":{"line":7,"column":0},"end":{"line":21,"column":2}},"3":{"start":{"line":8,"column":4},"end":{"line":20,"column":5}},"4":{"start":{"line":11,"column":8},"end":{"line":11,"column":50}},"5":{"start":{"line":13,"column":20},"end":{"line":13,"column":41}},"6":{"start":{"line":14,"column":29},"end":{"line":17,"column":9}},"7":{"start":{"line":19,"column":8},"end":{"line":19,"column":50}},"8":{"start":{"line":24,"column":0},"end":{"line":30,"column":2}},"9":{"start":{"line":25,"column":4},"end":{"line":25,"column":45}},"10":{"start":{"line":26,"column":4},"end":{"line":26,"column":38}},"11":{"start":{"line":27,"column":4},"end":{"line":29,"column":5}},"12":{"start":{"line":28,"column":8},"end":{"line":28,"column":28}},"13":{"start":{"line":33,"column":0},"end":{"line":39,"column":2}},"14":{"start":{"line":34,"column":24},"end":{"line":34,"column":55}},"15":{"start":{"line":35,"column":4},"end":{"line":38,"column":5}},"16":{"start":{"line":36,"column":27},"end":{"line":36,"column":43}},"17":{"start":{"line":37,"column":8},"end":{"line":37,"column":32}}},"fnMap":{"0":{"name":"(anonymous_0)","decl":{"start":{"line":7,"column":25},"end":{"line":7,"column":26}},"loc":{"start":{"line":7,"column":37},"end":{"line":21,"column":1}},"line":7},"1":{"name":"(anonymous_1)","decl":{"start":{"line":24,"column":31},"end":{"line":24,"column":32}},"loc":{"start":{"line":24,"column":43},"end":{"line":30,"column":1}},"line":24},"2":{"name":"(anonymous_2)","decl":{"start":{"line":33,"column":31},"end":{"line":33,"column":32}},"loc":{"start":{"line":33,"column":43},"end":{"line":39,"column":1}},"line":33}},"branchMap":{"0":{"loc":{"start":{"line":8,"column":4},"end":{"line":20,"column":5}},"type":"if","locations":[{"start":{"line":8,"column":4},"end":{"line":20,"column":5}},{"start":{},"end":{}}],"line":8},"1":{"loc":{"start":{"line":27,"column":4},"end":{"line":29,"column":5}},"type":"if","locations":[{"start":{"line":27,"column":4},"end":{"line":29,"column":5}},{"start":{},"end":{}}],"line":27}},"s":{"0":2,"1":2,"2":2,"3":1,"4":1,"5":1,"6":1,"7":1,"8":2,"9":1,"10":1,"11":1,"12":1,"13":2,"14":2,"15":2,"16":4,"17":4},"f":{"0":1,"1":1,"2":2},"b":{"0":[1,0],"1":[1,0]},"_coverageSchema":"1a1c01bbd47fc00a2c39e90264f33305004495a9","hash":"6edcc91de29c9983802095ea24842d89a27272f2"}
,"F:\\Relevel\\Module_4_CRM_Application\\Week_37\\Day_3_Apr_08\\crm-app\\src\\tests\\interceptor.js": {"path":"F:\\Relevel\\Module_4_CRM_Application\\Week_37\\Day_3_Apr_08\\crm-app\\src\\tests\\interceptor.js","statementMap":{"0":{"start":{"line":10,"column":0},"end":{"line":24,"column":1}},"1":{"start":{"line":12,"column":20},"end":{"line":12,"column":22}},"2":{"start":{"line":13,"column":8},"end":{"line":14,"column":51}},"3":{"start":{"line":15,"column":8},"end":{"line":15,"column":19}},"4":{"start":{"line":19,"column":20},"end":{"line":19,"column":22}},"5":{"start":{"line":20,"column":8},"end":{"line":21,"column":49}},"6":{"start":{"line":22,"column":8},"end":{"line":22,"column":19}}},"fnMap":{"0":{"name":"(anonymous_0)","decl":{"start":{"line":11,"column":17},"end":{"line":11,"column":18}},"loc":{"start":{"line":11,"column":23},"end":{"line":16,"column":5}},"line":11},"1":{"name":"(anonymous_1)","decl":{"start":{"line":18,"column":18},"end":{"line":18,"column":19}},"loc":{"start":{"line":18,"column":24},"end":{"line":23,"column":5}},"line":18}},"branchMap":{},"s":{"0":2,"1":8,"2":8,"3":8,"4":8,"5":8,"6":8},"f":{"0":8,"1":8},"b":{},"_coverageSchema":"1a1c01bbd47fc00a2c39e90264f33305004495a9","hash":"007ffd09cb28f228bb768b88b454c95ceaf1f1f5"}
,"F:\\Relevel\\Module_4_CRM_Application\\Week_37\\Day_3_Apr_08\\crm-app\\src\\utils\\constants.js": {"path":"F:\\Relevel\\Module_4_CRM_Application\\Week_37\\Day_3_Apr_08\\crm-app\\src\\utils\\constants.js","statementMap":{"0":{"start":{"line":1,"column":0},"end":{"line":5,"column":2}},"1":{"start":{"line":6,"column":0},"end":{"line":10,"column":2}},"2":{"start":{"line":11,"column":0},"end":{"line":16,"column":2}},"3":{"start":{"line":18,"column":0},"end":{"line":22,"column":2}}},"fnMap":{},"branchMap":{},"s":{"0":2,"1":2,"2":2,"3":2},"f":{},"b":{},"_coverageSchema":"1a1c01bbd47fc00a2c39e90264f33305004495a9","hash":"647c3d710d2fae33d329eccca1ed98a2066b4cef"}
,"F:\\Relevel\\Module_4_CRM_Application\\Week_37\\Day_3_Apr_08\\crm-app\\src\\utils\\notificationClient.js": {"path":"F:\\Relevel\\Module_4_CRM_Application\\Week_37\\Day_3_Apr_08\\crm-app\\src\\utils\\notificationClient.js","statementMap":{"0":{"start":{"line":1,"column":13},"end":{"line":1,"column":47}},"1":{"start":{"line":2,"column":13},"end":{"line":2,"column":25}},"2":{"start":{"line":4,"column":18},"end":{"line":26,"column":1}},"3":{"start":{"line":5,"column":18},"end":{"line":11,"column":5}},"4":{"start":{"line":13,"column":15},"end":{"line":16,"column":5}},"5":{"start":{"line":22,"column":4},"end":{"line":25,"column":7}},"6":{"start":{"line":23,"column":8},"end":{"line":23,"column":69}},"7":{"start":{"line":24,"column":8},"end":{"line":24,"column":26}},"8":{"start":{"line":28,"column":0},"end":{"line":31,"column":2}}},"fnMap":{"0":{"name":"(anonymous_0)","decl":{"start":{"line":4,"column":18},"end":{"line":4,"column":19}},"loc":{"start":{"line":4,"column":71},"end":{"line":26,"column":1}},"line":4},"1":{"name":"(anonymous_1)","decl":{"start":{"line":22,"column":52},"end":{"line":22,"column":53}},"loc":{"start":{"line":22,"column":78},"end":{"line":25,"column":5}},"line":22}},"branchMap":{},"s":{"0":1,"1":1,"2":1,"3":1,"4":1,"5":1,"6":1,"7":1,"8":1},"f":{"0":1,"1":1},"b":{},"_coverageSchema":"1a1c01bbd47fc00a2c39e90264f33305004495a9","hash":"5d257ace50e8610255d12858fe8f536e0929ee4c"}
,"F:\\Relevel\\Module_4_CRM_Application\\Week_37\\Day_3_Apr_08\\crm-app\\src\\utils\\objectConverter.js": {"path":"F:\\Relevel\\Module_4_CRM_Application\\Week_37\\Day_3_Apr_08\\crm-app\\src\\utils\\objectConverter.js","statementMap":{"0":{"start":{"line":1,"column":0},"end":{"line":14,"column":2}},"1":{"start":{"line":2,"column":21},"end":{"line":2,"column":23}},"2":{"start":{"line":3,"column":4},"end":{"line":11,"column":7}},"3":{"start":{"line":4,"column":8},"end":{"line":10,"column":11}},"4":{"start":{"line":13,"column":4},"end":{"line":13,"column":22}},"5":{"start":{"line":16,"column":0},"end":{"line":33,"column":2}},"6":{"start":{"line":17,"column":23},"end":{"line":17,"column":25}},"7":{"start":{"line":18,"column":4},"end":{"line":30,"column":7}},"8":{"start":{"line":19,"column":8},"end":{"line":29,"column":11}},"9":{"start":{"line":32,"column":4},"end":{"line":32,"column":24}}},"fnMap":{"0":{"name":"(anonymous_0)","decl":{"start":{"line":1,"column":23},"end":{"line":1,"column":24}},"loc":{"start":{"line":1,"column":34},"end":{"line":14,"column":1}},"line":1},"1":{"name":"(anonymous_1)","decl":{"start":{"line":3,"column":18},"end":{"line":3,"column":19}},"loc":{"start":{"line":3,"column":28},"end":{"line":11,"column":5}},"line":3},"2":{"name":"(anonymous_2)","decl":{"start":{"line":16,"column":25},"end":{"line":16,"column":26}},"loc":{"start":{"line":16,"column":38},"end":{"line":33,"column":1}},"line":16},"3":{"name":"(anonymous_3)","decl":{"start":{"line":18,"column":20},"end":{"line":18,"column":21}},"loc":{"start":{"line":18,"column":32},"end":{"line":30,"column":5}},"line":18}},"branchMap":{},"s":{"0":2,"1":1,"2":1,"3":1,"4":1,"5":2,"6":1,"7":1,"8":1,"9":1},"f":{"0":1,"1":1,"2":1,"3":1},"b":{},"_coverageSchema":"1a1c01bbd47fc00a2c39e90264f33305004495a9","hash":"7930e773a6bdab0edee81f3728c40259d97808cb"}
}
