{"F:\\Relevel\\Module_4_CRM_Application\\Week_37\\Day_1_Apr_03\\crm-app\\src\\controllers\\user.controller.js": {"path":"F:\\Relevel\\Module_4_CRM_Application\\Week_37\\Day_1_Apr_03\\crm-app\\src\\controllers\\user.controller.js","statementMap":{"0":{"start":{"line":1,"column":23},"end":{"line":1,"column":52}},"1":{"start":{"line":2,"column":13},"end":{"line":2,"column":46}},"2":{"start":{"line":3,"column":24},"end":{"line":3,"column":61}},"3":{"start":{"line":5,"column":0},"end":{"line":69,"column":2}},"4":{"start":{"line":6,"column":24},"end":{"line":6,"column":42}},"5":{"start":{"line":7,"column":26},"end":{"line":7,"column":46}},"6":{"start":{"line":8,"column":24},"end":{"line":8,"column":38}},"7":{"start":{"line":12,"column":4},"end":{"line":66,"column":5}},"8":{"start":{"line":13,"column":8},"end":{"line":22,"column":9}},"9":{"start":{"line":14,"column":12},"end":{"line":16,"column":15}},"10":{"start":{"line":18,"column":12},"end":{"line":18,"column":80}},"11":{"start":{"line":19,"column":12},"end":{"line":21,"column":15}},"12":{"start":{"line":23,"column":11},"end":{"line":66,"column":5}},"13":{"start":{"line":24,"column":8},"end":{"line":34,"column":9}},"14":{"start":{"line":25,"column":12},"end":{"line":28,"column":15}},"15":{"start":{"line":30,"column":12},"end":{"line":30,"column":117}},"16":{"start":{"line":31,"column":12},"end":{"line":33,"column":15}},"17":{"start":{"line":35,"column":11},"end":{"line":66,"column":5}},"18":{"start":{"line":36,"column":8},"end":{"line":45,"column":9}},"19":{"start":{"line":37,"column":12},"end":{"line":39,"column":15}},"20":{"start":{"line":41,"column":12},"end":{"line":41,"column":84}},"21":{"start":{"line":42,"column":12},"end":{"line":44,"column":15}},"22":{"start":{"line":46,"column":11},"end":{"line":66,"column":5}},"23":{"start":{"line":47,"column":8},"end":{"line":56,"column":9}},"24":{"start":{"line":48,"column":12},"end":{"line":50,"column":15}},"25":{"start":{"line":52,"column":12},"end":{"line":52,"column":88}},"26":{"start":{"line":53,"column":12},"end":{"line":55,"column":15}},"27":{"start":{"line":58,"column":8},"end":{"line":65,"column":9}},"28":{"start":{"line":59,"column":12},"end":{"line":59,"column":38}},"29":{"start":{"line":61,"column":12},"end":{"line":61,"column":54}},"30":{"start":{"line":62,"column":12},"end":{"line":64,"column":15}},"31":{"start":{"line":68,"column":4},"end":{"line":68,"column":69}},"32":{"start":{"line":71,"column":0},"end":{"line":86,"column":2}},"33":{"start":{"line":72,"column":20},"end":{"line":72,"column":37}},"34":{"start":{"line":74,"column":17},"end":{"line":76,"column":6}},"35":{"start":{"line":78,"column":4},"end":{"line":78,"column":22}},"36":{"start":{"line":79,"column":4},"end":{"line":85,"column":5}},"37":{"start":{"line":80,"column":8},"end":{"line":80,"column":72}},"38":{"start":{"line":82,"column":8},"end":{"line":84,"column":11}},"39":{"start":{"line":88,"column":0},"end":{"line":113,"column":2}},"40":{"start":{"line":89,"column":20},"end":{"line":89,"column":37}},"41":{"start":{"line":91,"column":27},"end":{"line":91,"column":29}},"42":{"start":{"line":92,"column":4},"end":{"line":92,"column":65}},"43":{"start":{"line":93,"column":4},"end":{"line":93,"column":83}},"44":{"start":{"line":94,"column":4},"end":{"line":94,"column":77}},"45":{"start":{"line":96,"column":4},"end":{"line":112,"column":5}},"46":{"start":{"line":97,"column":21},"end":{"line":101,"column":17}},"47":{"start":{"line":103,"column":8},"end":{"line":106,"column":11}},"48":{"start":{"line":108,"column":8},"end":{"line":108,"column":62}},"49":{"start":{"line":109,"column":8},"end":{"line":111,"column":11}}},"fnMap":{"0":{"name":"(anonymous_0)","decl":{"start":{"line":5,"column":18},"end":{"line":5,"column":19}},"loc":{"start":{"line":5,"column":38},"end":{"line":69,"column":1}},"line":5},"1":{"name":"(anonymous_1)","decl":{"start":{"line":71,"column":19},"end":{"line":71,"column":20}},"loc":{"start":{"line":71,"column":39},"end":{"line":86,"column":1}},"line":71},"2":{"name":"(anonymous_2)","decl":{"start":{"line":88,"column":17},"end":{"line":88,"column":18}},"loc":{"start":{"line":88,"column":37},"end":{"line":113,"column":1}},"line":88}},"branchMap":{"0":{"loc":{"start":{"line":12,"column":4},"end":{"line":66,"column":5}},"type":"if","locations":[{"start":{"line":12,"column":4},"end":{"line":66,"column":5}},{"start":{"line":23,"column":11},"end":{"line":66,"column":5}}],"line":12},"1":{"loc":{"start":{"line":23,"column":11},"end":{"line":66,"column":5}},"type":"if","locations":[{"start":{"line":23,"column":11},"end":{"line":66,"column":5}},{"start":{"line":35,"column":11},"end":{"line":66,"column":5}}],"line":23},"2":{"loc":{"start":{"line":23,"column":15},"end":{"line":23,"column":43}},"type":"binary-expr","locations":[{"start":{"line":23,"column":15},"end":{"line":23,"column":26}},{"start":{"line":23,"column":30},"end":{"line":23,"column":43}}],"line":23},"3":{"loc":{"start":{"line":35,"column":11},"end":{"line":66,"column":5}},"type":"if","locations":[{"start":{"line":35,"column":11},"end":{"line":66,"column":5}},{"start":{"line":46,"column":11},"end":{"line":66,"column":5}}],"line":35},"4":{"loc":{"start":{"line":46,"column":11},"end":{"line":66,"column":5}},"type":"if","locations":[{"start":{"line":46,"column":11},"end":{"line":66,"column":5}},{"start":{"line":57,"column":11},"end":{"line":66,"column":5}}],"line":46},"5":{"loc":{"start":{"line":79,"column":4},"end":{"line":85,"column":5}},"type":"if","locations":[{"start":{"line":79,"column":4},"end":{"line":85,"column":5}},{"start":{"line":81,"column":11},"end":{"line":85,"column":5}}],"line":79},"6":{"loc":{"start":{"line":92,"column":4},"end":{"line":92,"column":64}},"type":"cond-expr","locations":[{"start":{"line":92,"column":20},"end":{"line":92,"column":60}},{"start":{"line":92,"column":62},"end":{"line":92,"column":64}}],"line":92},"7":{"loc":{"start":{"line":93,"column":4},"end":{"line":93,"column":82}},"type":"cond-expr","locations":[{"start":{"line":93,"column":26},"end":{"line":93,"column":78}},{"start":{"line":93,"column":80},"end":{"line":93,"column":82}}],"line":93},"8":{"loc":{"start":{"line":94,"column":4},"end":{"line":94,"column":76}},"type":"cond-expr","locations":[{"start":{"line":94,"column":24},"end":{"line":94,"column":72}},{"start":{"line":94,"column":74},"end":{"line":94,"column":76}}],"line":94}},"s":{"0":1,"1":1,"2":1,"3":1,"4":0,"5":0,"6":0,"7":0,"8":0,"9":0,"10":0,"11":0,"12":0,"13":0,"14":0,"15":0,"16":0,"17":0,"18":0,"19":0,"20":0,"21":0,"22":0,"23":0,"24":0,"25":0,"26":0,"27":0,"28":0,"29":0,"30":0,"31":0,"32":1,"33":2,"34":2,"35":0,"36":0,"37":0,"38":0,"39":1,"40":2,"41":2,"42":2,"43":2,"44":2,"45":2,"46":2,"47":1,"48":1,"49":1},"f":{"0":0,"1":2,"2":2},"b":{"0":[0,0],"1":[0,0],"2":[0,0],"3":[0,0],"4":[0,0],"5":[0,0],"6":[2,0],"7":[1,1],"8":[1,1]},"_coverageSchema":"1a1c01bbd47fc00a2c39e90264f33305004495a9","hash":"08d1b7b3a5efdd22b92d02fa9e3c2ea51533dc99"}
,"F:\\Relevel\\Module_4_CRM_Application\\Week_37\\Day_1_Apr_03\\crm-app\\src\\models\\user.model.js": {"path":"F:\\Relevel\\Module_4_CRM_Application\\Week_37\\Day_1_Apr_03\\crm-app\\src\\models\\user.model.js","statementMap":{"0":{"start":{"line":1,"column":17},"end":{"line":1,"column":36}},"1":{"start":{"line":3,"column":19},"end":{"line":55,"column":2}},"2":{"start":{"line":28,"column":12},"end":{"line":28,"column":30}},"3":{"start":{"line":34,"column":12},"end":{"line":34,"column":30}},"4":{"start":{"line":57,"column":0},"end":{"line":57,"column":52}}},"fnMap":{"0":{"name":"(anonymous_0)","decl":{"start":{"line":27,"column":17},"end":{"line":27,"column":18}},"loc":{"start":{"line":27,"column":23},"end":{"line":29,"column":9}},"line":27},"1":{"name":"(anonymous_1)","decl":{"start":{"line":33,"column":17},"end":{"line":33,"column":18}},"loc":{"start":{"line":33,"column":23},"end":{"line":35,"column":9}},"line":33}},"branchMap":{},"s":{"0":1,"1":1,"2":0,"3":0,"4":1},"f":{"0":0,"1":0},"b":{},"_coverageSchema":"1a1c01bbd47fc00a2c39e90264f33305004495a9","hash":"5311f15f719059123b9a930394634248ba8399ad"}
,"F:\\Relevel\\Module_4_CRM_Application\\Week_37\\Day_1_Apr_03\\crm-app\\src\\tests\\interceptor.js": {"path":"F:\\Relevel\\Module_4_CRM_Application\\Week_37\\Day_1_Apr_03\\crm-app\\src\\tests\\interceptor.js","statementMap":{"0":{"start":{"line":10,"column":0},"end":{"line":24,"column":1}},"1":{"start":{"line":12,"column":20},"end":{"line":12,"column":22}},"2":{"start":{"line":13,"column":8},"end":{"line":14,"column":51}},"3":{"start":{"line":15,"column":8},"end":{"line":15,"column":19}},"4":{"start":{"line":19,"column":20},"end":{"line":19,"column":22}},"5":{"start":{"line":20,"column":8},"end":{"line":21,"column":49}},"6":{"start":{"line":22,"column":8},"end":{"line":22,"column":19}}},"fnMap":{"0":{"name":"(anonymous_0)","decl":{"start":{"line":11,"column":17},"end":{"line":11,"column":18}},"loc":{"start":{"line":11,"column":23},"end":{"line":16,"column":5}},"line":11},"1":{"name":"(anonymous_1)","decl":{"start":{"line":18,"column":18},"end":{"line":18,"column":19}},"loc":{"start":{"line":18,"column":24},"end":{"line":23,"column":5}},"line":18}},"branchMap":{},"s":{"0":1,"1":4,"2":4,"3":4,"4":4,"5":4,"6":4},"f":{"0":4,"1":4},"b":{},"_coverageSchema":"1a1c01bbd47fc00a2c39e90264f33305004495a9","hash":"acb72a1e0fbecb1f9432c09f55fe0f6f17f88869"}
,"F:\\Relevel\\Module_4_CRM_Application\\Week_37\\Day_1_Apr_03\\crm-app\\src\\utils\\constants.js": {"path":"F:\\Relevel\\Module_4_CRM_Application\\Week_37\\Day_1_Apr_03\\crm-app\\src\\utils\\constants.js","statementMap":{"0":{"start":{"line":1,"column":0},"end":{"line":5,"column":2}},"1":{"start":{"line":6,"column":0},"end":{"line":10,"column":2}},"2":{"start":{"line":11,"column":0},"end":{"line":16,"column":2}},"3":{"start":{"line":18,"column":0},"end":{"line":22,"column":2}}},"fnMap":{},"branchMap":{},"s":{"0":1,"1":1,"2":1,"3":1},"f":{},"b":{},"_coverageSchema":"1a1c01bbd47fc00a2c39e90264f33305004495a9","hash":"de0583feef91361e88135b2f362238b194365115"}
,"F:\\Relevel\\Module_4_CRM_Application\\Week_37\\Day_1_Apr_03\\crm-app\\src\\utils\\objectConverter.js": {"path":"F:\\Relevel\\Module_4_CRM_Application\\Week_37\\Day_1_Apr_03\\crm-app\\src\\utils\\objectConverter.js","statementMap":{"0":{"start":{"line":1,"column":0},"end":{"line":14,"column":2}},"1":{"start":{"line":2,"column":21},"end":{"line":2,"column":23}},"2":{"start":{"line":3,"column":4},"end":{"line":11,"column":7}},"3":{"start":{"line":4,"column":8},"end":{"line":10,"column":11}},"4":{"start":{"line":13,"column":4},"end":{"line":13,"column":22}},"5":{"start":{"line":16,"column":0},"end":{"line":33,"column":2}},"6":{"start":{"line":17,"column":23},"end":{"line":17,"column":25}},"7":{"start":{"line":18,"column":4},"end":{"line":30,"column":7}},"8":{"start":{"line":19,"column":8},"end":{"line":29,"column":11}},"9":{"start":{"line":32,"column":4},"end":{"line":32,"column":24}}},"fnMap":{"0":{"name":"(anonymous_0)","decl":{"start":{"line":1,"column":23},"end":{"line":1,"column":24}},"loc":{"start":{"line":1,"column":34},"end":{"line":14,"column":1}},"line":1},"1":{"name":"(anonymous_1)","decl":{"start":{"line":3,"column":18},"end":{"line":3,"column":19}},"loc":{"start":{"line":3,"column":28},"end":{"line":11,"column":5}},"line":3},"2":{"name":"(anonymous_2)","decl":{"start":{"line":16,"column":25},"end":{"line":16,"column":26}},"loc":{"start":{"line":16,"column":38},"end":{"line":33,"column":1}},"line":16},"3":{"name":"(anonymous_3)","decl":{"start":{"line":18,"column":20},"end":{"line":18,"column":21}},"loc":{"start":{"line":18,"column":32},"end":{"line":30,"column":5}},"line":18}},"branchMap":{},"s":{"0":1,"1":0,"2":0,"3":0,"4":0,"5":1,"6":0,"7":0,"8":0,"9":0},"f":{"0":0,"1":0,"2":0,"3":0},"b":{},"_coverageSchema":"1a1c01bbd47fc00a2c39e90264f33305004495a9","hash":"ad99f4d90aef855d046cc7950df1c6104e1ac642"}
}
