TN:
SF:src\controllers\ticket.controller.js
FN:11,(anonymous_0)
FN:65,(anonymous_1)
FN:130,(anonymous_2)
FN:159,(anonymous_3)
FNF:4
FNH:1
FNDA:2,(anonymous_0)
FNDA:0,(anonymous_1)
FNDA:0,(anonymous_2)
FNDA:0,(anonymous_3)
DA:1,1
DA:2,1
DA:3,1
DA:4,1
DA:5,1
DA:11,1
DA:12,2
DA:22,2
DA:27,2
DA:29,2
DA:30,2
DA:32,1
DA:33,1
DA:37,1
DA:38,1
DA:40,1
DA:41,1
DA:46,1
DA:48,1
DA:53,1
DA:54,1
DA:65,1
DA:68,0
DA:69,0
DA:73,0
DA:74,0
DA:79,0
DA:80,0
DA:85,0
DA:89,0
DA:95,0
DA:96,0
DA:99,0
DA:102,0
DA:105,0
DA:106,0
DA:108,0
DA:110,0
DA:114,0
DA:118,0
DA:120,0
DA:122,0
DA:123,0
DA:130,1
DA:138,0
DA:140,0
DA:141,0
DA:144,0
DA:148,0
DA:149,0
DA:150,0
DA:151,0
DA:154,0
DA:156,0
DA:159,1
DA:160,0
DA:164,0
LF:57
LH:24
BRDA:32,0,0,1
BRDA:32,0,1,0
BRDA:73,1,0,0
BRDA:73,1,1,0
BRDA:89,2,0,0
BRDA:89,2,1,0
BRDA:90,3,0,0
BRDA:90,3,1,0
BRDA:90,3,2,0
BRDA:95,4,0,0
BRDA:95,4,1,0
BRDA:96,5,0,0
BRDA:96,5,1,0
BRDA:99,6,0,0
BRDA:99,6,1,0
BRDA:102,7,0,0
BRDA:102,7,1,0
BRDA:105,8,0,0
BRDA:105,8,1,0
BRDA:105,9,0,0
BRDA:105,9,1,0
BRDA:105,9,2,0
BRDA:106,10,0,0
BRDA:106,10,1,0
BRDA:140,11,0,0
BRDA:140,11,1,0
BRDA:148,12,0,0
BRDA:148,12,1,0
BRDA:150,13,0,0
BRDA:150,13,1,0
BRF:30
BRH:1
end_of_record
TN:
SF:src\controllers\user.controller.js
FN:5,(anonymous_0)
FN:71,(anonymous_1)
FN:88,(anonymous_2)
FNF:3
FNH:3
FNDA:2,(anonymous_0)
FNDA:2,(anonymous_1)
FNDA:2,(anonymous_2)
DA:1,1
DA:2,1
DA:3,1
DA:5,1
DA:6,2
DA:7,2
DA:8,2
DA:12,2
DA:13,0
DA:14,0
DA:18,0
DA:19,0
DA:23,2
DA:24,0
DA:25,0
DA:30,0
DA:31,0
DA:35,2
DA:36,0
DA:37,0
DA:41,0
DA:42,0
DA:46,2
DA:47,0
DA:48,0
DA:52,0
DA:53,0
DA:58,2
DA:59,2
DA:61,1
DA:62,1
DA:68,1
DA:71,1
DA:72,2
DA:74,2
DA:79,0
DA:80,0
DA:82,0
DA:88,1
DA:89,2
DA:91,2
DA:92,2
DA:93,2
DA:94,2
DA:96,2
DA:97,2
DA:103,1
DA:108,1
DA:109,1
LF:49
LH:30
BRDA:12,0,0,0
BRDA:12,0,1,2
BRDA:23,1,0,0
BRDA:23,1,1,2
BRDA:23,2,0,2
BRDA:23,2,1,0
BRDA:35,3,0,0
BRDA:35,3,1,2
BRDA:46,4,0,0
BRDA:46,4,1,2
BRDA:79,5,0,0
BRDA:79,5,1,0
BRDA:92,6,0,2
BRDA:92,6,1,0
BRDA:93,7,0,1
BRDA:93,7,1,1
BRDA:94,8,0,1
BRDA:94,8,1,1
BRF:18
BRH:10
end_of_record
TN:
SF:src\models\ticket.model.js
FN:31,(anonymous_0)
FN:37,(anonymous_1)
FNF:2
FNH:2
FNDA:1,(anonymous_0)
FNDA:1,(anonymous_1)
DA:1,1
DA:3,1
DA:32,1
DA:38,1
DA:43,1
LF:5
LH:5
BRF:0
BRH:0
end_of_record
TN:
SF:src\models\user.model.js
FN:27,(anonymous_0)
FN:33,(anonymous_1)
FNF:2
FNH:0
FNDA:0,(anonymous_0)
FNDA:0,(anonymous_1)
DA:1,2
DA:3,2
DA:28,0
DA:34,0
DA:57,2
LF:5
LH:3
BRF:0
BRH:0
end_of_record
TN:
SF:src\tests\db.js
FN:7,(anonymous_0)
FN:24,(anonymous_1)
FN:33,(anonymous_2)
FNF:3
FNH:3
FNDA:1,(anonymous_0)
FNDA:1,(anonymous_1)
FNDA:2,(anonymous_2)
DA:1,2
DA:2,2
DA:7,2
DA:8,1
DA:11,1
DA:13,1
DA:14,1
DA:19,1
DA:24,2
DA:25,1
DA:26,1
DA:27,1
DA:28,1
DA:33,2
DA:34,2
DA:35,2
DA:36,4
DA:37,4
LF:18
LH:18
BRDA:8,0,0,1
BRDA:8,0,1,0
BRDA:27,1,0,1
BRDA:27,1,1,0
BRF:4
BRH:2
end_of_record
TN:
SF:src\tests\interceptor.js
FN:11,(anonymous_0)
FN:18,(anonymous_1)
FNF:2
FNH:2
FNDA:8,(anonymous_0)
FNDA:8,(anonymous_1)
DA:10,2
DA:12,8
DA:13,8
DA:15,8
DA:19,8
DA:20,8
DA:22,8
LF:7
LH:7
BRF:0
BRH:0
end_of_record
TN:
SF:src\utils\constants.js
FNF:0
FNH:0
DA:1,2
DA:6,2
DA:11,2
DA:18,2
LF:4
LH:4
BRF:0
BRH:0
end_of_record
TN:
SF:src\utils\notificationClient.js
FN:4,(anonymous_0)
FN:22,(anonymous_1)
FNF:2
FNH:2
FNDA:1,(anonymous_0)
FNDA:1,(anonymous_1)
DA:1,1
DA:2,1
DA:4,1
DA:5,1
DA:13,1
DA:22,1
DA:23,1
DA:24,1
DA:28,1
LF:9
LH:9
BRF:0
BRH:0
end_of_record
TN:
SF:src\utils\objectConverter.js
FN:1,(anonymous_0)
FN:3,(anonymous_1)
FN:16,(anonymous_2)
FN:18,(anonymous_3)
FNF:4
FNH:4
FNDA:1,(anonymous_0)
FNDA:1,(anonymous_1)
FNDA:1,(anonymous_2)
FNDA:1,(anonymous_3)
DA:1,2
DA:2,1
DA:3,1
DA:4,1
DA:13,1
DA:16,2
DA:17,1
DA:18,1
DA:19,1
DA:32,1
LF:10
LH:10
BRF:0
BRH:0
end_of_record
