TN:
SF:src\controllers\user.controller.js
FN:5,(anonymous_0)
FN:71,(anonymous_1)
FN:88,(anonymous_2)
FNF:3
FNH:2
FNDA:0,(anonymous_0)
FNDA:2,(anonymous_1)
FNDA:2,(anonymous_2)
DA:1,1
DA:2,1
DA:3,1
DA:5,1
DA:6,0
DA:7,0
DA:8,0
DA:12,0
DA:13,0
DA:14,0
DA:18,0
DA:19,0
DA:23,0
DA:24,0
DA:25,0
DA:30,0
DA:31,0
DA:35,0
DA:36,0
DA:37,0
DA:41,0
DA:42,0
DA:46,0
DA:47,0
DA:48,0
DA:52,0
DA:53,0
DA:58,0
DA:59,0
DA:61,0
DA:62,0
DA:68,0
DA:71,1
DA:72,2
DA:74,2
DA:78,0
DA:79,0
DA:80,0
DA:82,0
DA:88,1
DA:89,2
DA:91,2
DA:92,2
DA:93,2
DA:94,2
DA:96,2
DA:97,2
DA:103,1
DA:108,1
DA:109,1
LF:50
LH:18
BRDA:12,0,0,0
BRDA:12,0,1,0
BRDA:23,1,0,0
BRDA:23,1,1,0
BRDA:23,2,0,0
BRDA:23,2,1,0
BRDA:35,3,0,0
BRDA:35,3,1,0
BRDA:46,4,0,0
BRDA:46,4,1,0
BRDA:79,5,0,0
BRDA:79,5,1,0
BRDA:92,6,0,2
BRDA:92,6,1,0
BRDA:93,7,0,1
BRDA:93,7,1,1
BRDA:94,8,0,1
BRDA:94,8,1,1
BRF:18
BRH:5
end_of_record
TN:
SF:src\models\user.model.js
FN:27,(anonymous_0)
FN:33,(anonymous_1)
FNF:2
FNH:0
FNDA:0,(anonymous_0)
FNDA:0,(anonymous_1)
DA:1,1
DA:3,1
DA:28,0
DA:34,0
DA:57,1
LF:5
LH:3
BRF:0
BRH:0
end_of_record
TN:
SF:src\tests\interceptor.js
FN:11,(anonymous_0)
FN:18,(anonymous_1)
FNF:2
FNH:2
FNDA:4,(anonymous_0)
FNDA:4,(anonymous_1)
DA:10,1
DA:12,4
DA:13,4
DA:15,4
DA:19,4
DA:20,4
DA:22,4
LF:7
LH:7
BRF:0
BRH:0
end_of_record
TN:
SF:src\utils\constants.js
FNF:0
FNH:0
DA:1,1
DA:6,1
DA:11,1
DA:18,1
LF:4
LH:4
BRF:0
BRH:0
end_of_record
TN:
SF:src\utils\objectConverter.js
FN:1,(anonymous_0)
FN:3,(anonymous_1)
FN:16,(anonymous_2)
FN:18,(anonymous_3)
FNF:4
FNH:0
FNDA:0,(anonymous_0)
FNDA:0,(anonymous_1)
FNDA:0,(anonymous_2)
FNDA:0,(anonymous_3)
DA:1,1
DA:2,0
DA:3,0
DA:4,0
DA:13,0
DA:16,1
DA:17,0
DA:18,0
DA:19,0
DA:32,0
LF:10
LH:2
BRF:0
BRH:0
end_of_record
